<?xml version="1.0" encoding="UTF-8"?>
<!DOCTYPE Form PUBLIC "1" "/etc/report.dtd">  
<Report>
  <General
    DataSource="ExportProject()"
    StyleSheet="../etc/apiis.css"
    AR="3"
    StrictParameter="no"
    UseForm="/etc/export_data/ExportProject.pfrm"
    Name="General_0" PageFooter="All_Pages" PageHeader="All_Pages" CharSet="UTF-8"/>
 <GUIHeader Name="GUIHeader_50">
     <Text Column="1" Content="Export" Name="Text_50" Row="1" FontSize="24px"/>
 </GUIHeader>
  <PageHeader Name="PageHeader_10">
    <Lines Name="Line_1" Column="1" Row="1" LineType="solid"/> 
  </PageHeader>
  <Detail Name="Detail_10">
    <Data Column="1" Content="[code1]" Name="Data_13" Row="1" FontFamily="Courier"/>
  </Detail>
</Report>
